<?xml version="1.0" encoding="UTF-8"?>
<coverage generated="1686940035363" clover="3.2.0">
  <project timestamp="1686940035363" name="All files">
    <metrics statements="80" coveredstatements="67" conditionals="32" coveredconditionals="19" methods="38" coveredmethods="33" elements="150" coveredelements="119" complexity="0" loc="80" ncloc="80" packages="2" files="3" classes="3"/>
    <package name="src">
      <metrics statements="75" coveredstatements="62" conditionals="26" coveredconditionals="16" methods="35" coveredmethods="30"/>
      <file name="facturacion.jsx" path="C:\Users\Juan Jose Viafara\OneDrive\Escritorio\I\UNIVERSIDAD JUAN JOSE\Semestre 6\Desarrollo Software 2\ProyectoDS2\frontend\src\facturacion.jsx">
        <metrics statements="38" coveredstatements="33" conditionals="14" coveredconditionals="10" methods="17" coveredmethods="15"/>
        <line num="14" count="34" type="stmt"/>
        <line num="46" count="3" type="stmt"/>
        <line num="57" count="18" type="stmt"/>
        <line num="58" count="18" type="stmt"/>
        <line num="59" count="17" type="stmt"/>
        <line num="65" count="17" type="stmt"/>
        <line num="66" count="17" type="stmt"/>
        <line num="75" count="17" type="stmt"/>
        <line num="76" count="17" type="stmt"/>
        <line num="77" count="1" type="stmt"/>
        <line num="78" count="1" type="stmt"/>
        <line num="83" count="0" type="stmt"/>
        <line num="84" count="0" type="stmt"/>
        <line num="90" count="1" type="stmt"/>
        <line num="94" count="17" type="stmt"/>
        <line num="95" count="10" type="stmt"/>
        <line num="96" count="10" type="cond" truecount="2" falsecount="0"/>
        <line num="97" count="3" type="stmt"/>
        <line num="102" count="0" type="stmt"/>
        <line num="103" count="0" type="stmt"/>
        <line num="112" count="0" type="stmt"/>
        <line num="115" count="3" type="stmt"/>
        <line num="116" count="3" type="stmt"/>
        <line num="126" count="10" type="stmt"/>
        <line num="128" count="17" type="stmt"/>
        <line num="135" count="17" type="stmt"/>
        <line num="136" count="1" type="stmt"/>
        <line num="137" count="1" type="cond" truecount="3" falsecount="1"/>
        <line num="138" count="1" type="stmt"/>
        <line num="139" count="1" type="stmt"/>
        <line num="150" count="17" type="stmt"/>
        <line num="229" count="4" type="stmt"/>
        <line num="241" count="3" type="stmt"/>
        <line num="320" count="1" type="stmt"/>
        <line num="337" count="85" type="stmt"/>
        <line num="345" count="1" type="stmt"/>
        <line num="350" count="6" type="stmt"/>
        <line num="351" count="6" type="stmt"/>
      </file>
      <file name="productos.jsx" path="C:\Users\Juan Jose Viafara\OneDrive\Escritorio\I\UNIVERSIDAD JUAN JOSE\Semestre 6\Desarrollo Software 2\ProyectoDS2\frontend\src\productos.jsx">
        <metrics statements="37" coveredstatements="29" conditionals="12" coveredconditionals="6" methods="18" coveredmethods="15"/>
        <line num="23" count="19" type="stmt"/>
        <line num="32" count="19" type="stmt"/>
        <line num="36" count="19" type="stmt"/>
        <line num="37" count="19" type="stmt"/>
        <line num="39" count="19" type="stmt"/>
        <line num="40" count="2" type="stmt"/>
        <line num="41" count="2" type="stmt"/>
        <line num="42" count="2" type="cond" truecount="1" falsecount="1"/>
        <line num="43" count="0" type="stmt"/>
        <line num="44" count="0" type="stmt"/>
        <line num="46" count="2" type="stmt"/>
        <line num="52" count="0" type="stmt"/>
        <line num="61" count="0" type="stmt"/>
        <line num="64" count="1" type="stmt"/>
        <line num="65" count="1" type="stmt"/>
        <line num="71" count="19" type="stmt"/>
        <line num="73" count="6" type="cond" truecount="1" falsecount="1"/>
        <line num="74" count="0" type="stmt"/>
        <line num="75" count="0" type="stmt"/>
        <line num="78" count="6" type="stmt"/>
        <line num="82" count="19" type="cond" truecount="1" falsecount="1"/>
        <line num="85" count="19" type="stmt"/>
        <line num="208" count="1" type="stmt"/>
        <line num="219" count="1" type="stmt"/>
        <line num="233" count="2" type="stmt"/>
        <line num="243" count="1" type="stmt"/>
        <line num="256" count="1" type="stmt"/>
        <line num="273" count="1" type="stmt"/>
        <line num="283" count="1" type="stmt"/>
        <line num="295" count="0" type="stmt"/>
        <line num="303" count="10" type="stmt"/>
        <line num="304" count="10" type="stmt"/>
        <line num="305" count="10" type="stmt"/>
        <line num="306" count="10" type="stmt"/>
        <line num="307" count="4" type="stmt"/>
        <line num="309" count="10" type="stmt"/>
        <line num="339" count="0" type="stmt"/>
      </file>
    </package>
    <package name="src.components">
      <metrics statements="5" coveredstatements="5" conditionals="6" coveredconditionals="3" methods="3" coveredmethods="3"/>
      <file name="navbar.jsx" path="C:\Users\Juan Jose Viafara\OneDrive\Escritorio\I\UNIVERSIDAD JUAN JOSE\Semestre 6\Desarrollo Software 2\ProyectoDS2\frontend\src\components\navbar.jsx">
        <metrics statements="5" coveredstatements="5" conditionals="6" coveredconditionals="3" methods="3" coveredmethods="3"/>
        <line num="11" count="3" type="stmt"/>
        <line num="14" count="3" type="stmt"/>
        <line num="18" count="3" type="stmt"/>
        <line num="62" count="6" type="stmt"/>
        <line num="66" count="6" type="stmt"/>
      </file>
    </package>
  </project>
</coverage>
