{"C:\\Users\\Juan Jose Viafara\\OneDrive\\Escritorio\\I\\UNIVERSIDAD JUAN JOSE\\Semestre 6\\Desarrollo Software 2\\ProyectoDS2\\frontend\\src\\facturacion.jsx": {"path":"C:\\Users\\Juan Jose Viafara\\OneDrive\\Escritorio\\I\\UNIVERSIDAD JUAN JOSE\\Semestre 6\\Desarrollo Software 2\\ProyectoDS2\\frontend\\src\\facturacion.jsx","statementMap":{"0":{"start":{"line":14,"column":2},"end":{"line":53,"column":4}},"1":{"start":{"line":46,"column":25},"end":{"line":46,"column":71}},"2":{"start":{"line":57,"column":13},"end":{"line":57,"column":23}},"3":{"start":{"line":58,"column":32},"end":{"line":58,"column":61}},"4":{"start":{"line":59,"column":34},"end":{"line":64,"column":4}},"5":{"start":{"line":65,"column":42},"end":{"line":65,"column":57}},"6":{"start":{"line":66,"column":38},"end":{"line":74,"column":4}},"7":{"start":{"line":75,"column":34},"end":{"line":75,"column":46}},"8":{"start":{"line":76,"column":24},"end":{"line":92,"column":3}},"9":{"start":{"line":77,"column":4},"end":{"line":77,"column":21}},"10":{"start":{"line":78,"column":4},"end":{"line":91,"column":7}},"11":{"start":{"line":83,"column":35},"end":{"line":83,"column":39}},"12":{"start":{"line":84,"column":10},"end":{"line":84,"column":54}},"13":{"start":{"line":90,"column":6},"end":{"line":90,"column":22}},"14":{"start":{"line":94,"column":2},"end":{"line":127,"column":22}},"15":{"start":{"line":95,"column":23},"end":{"line":125,"column":5}},"16":{"start":{"line":96,"column":6},"end":{"line":96,"column":44}},"17":{"start":{"line":96,"column":32},"end":{"line":96,"column":44}},"18":{"start":{"line":97,"column":6},"end":{"line":124,"column":11}},"19":{"start":{"line":102,"column":56},"end":{"line":102,"column":60}},"20":{"start":{"line":103,"column":10},"end":{"line":111,"column":13}},"21":{"start":{"line":112,"column":10},"end":{"line":112,"column":33}},"22":{"start":{"line":115,"column":10},"end":{"line":115,"column":32}},"23":{"start":{"line":116,"column":10},"end":{"line":123,"column":13}},"24":{"start":{"line":126,"column":4},"end":{"line":126,"column":17}},"25":{"start":{"line":128,"column":18},"end":{"line":134,"column":3}},"26":{"start":{"line":135,"column":21},"end":{"line":149,"column":3}},"27":{"start":{"line":136,"column":4},"end":{"line":136,"column":23}},"28":{"start":{"line":137,"column":4},"end":{"line":148,"column":5}},"29":{"start":{"line":138,"column":6},"end":{"line":138,"column":45}},"30":{"start":{"line":139,"column":6},"end":{"line":147,"column":9}},"31":{"start":{"line":150,"column":2},"end":{"line":365,"column":4}},"32":{"start":{"line":229,"column":27},"end":{"line":229,"column":79}},"33":{"start":{"line":241,"column":14},"end":{"line":248,"column":16}},"34":{"start":{"line":320,"column":18},"end":{"line":320,"column":52}},"35":{"start":{"line":337,"column":18},"end":{"line":339,"column":30}},"36":{"start":{"line":345,"column":16},"end":{"line":358,"column":18}},"37":{"start":{"line":350,"column":38},"end":{"line":350,"column":46}},"38":{"start":{"line":351,"column":24},"end":{"line":355,"column":26}}},"fnMap":{"0":{"name":"Boxcustom","decl":{"start":{"line":13,"column":9},"end":{"line":13,"column":18}},"loc":{"start":{"line":13,"column":52},"end":{"line":54,"column":1}},"line":13},"1":{"name":"(anonymous_1)","decl":{"start":{"line":46,"column":18},"end":{"line":46,"column":19}},"loc":{"start":{"line":46,"column":25},"end":{"line":46,"column":71}},"line":46},"2":{"name":"Facturacion","decl":{"start":{"line":56,"column":9},"end":{"line":56,"column":20}},"loc":{"start":{"line":56,"column":23},"end":{"line":366,"column":1}},"line":56},"3":{"name":"(anonymous_3)","decl":{"start":{"line":76,"column":24},"end":{"line":76,"column":25}},"loc":{"start":{"line":76,"column":37},"end":{"line":92,"column":3}},"line":76},"4":{"name":"(anonymous_4)","decl":{"start":{"line":82,"column":32},"end":{"line":82,"column":33}},"loc":{"start":{"line":82,"column":42},"end":{"line":85,"column":9}},"line":82},"5":{"name":"(anonymous_5)","decl":{"start":{"line":89,"column":12},"end":{"line":89,"column":13}},"loc":{"start":{"line":89,"column":18},"end":{"line":91,"column":5}},"line":89},"6":{"name":"(anonymous_6)","decl":{"start":{"line":94,"column":12},"end":{"line":94,"column":13}},"loc":{"start":{"line":94,"column":18},"end":{"line":127,"column":3}},"line":94},"7":{"name":"(anonymous_7)","decl":{"start":{"line":95,"column":23},"end":{"line":95,"column":24}},"loc":{"start":{"line":95,"column":35},"end":{"line":125,"column":5}},"line":95},"8":{"name":"(anonymous_8)","decl":{"start":{"line":101,"column":14},"end":{"line":101,"column":15}},"loc":{"start":{"line":101,"column":28},"end":{"line":113,"column":9}},"line":101},"9":{"name":"(anonymous_9)","decl":{"start":{"line":114,"column":15},"end":{"line":114,"column":16}},"loc":{"start":{"line":114,"column":26},"end":{"line":124,"column":9}},"line":114},"10":{"name":"(anonymous_10)","decl":{"start":{"line":135,"column":21},"end":{"line":135,"column":22}},"loc":{"start":{"line":135,"column":28},"end":{"line":149,"column":3}},"line":135},"11":{"name":"(anonymous_11)","decl":{"start":{"line":229,"column":20},"end":{"line":229,"column":21}},"loc":{"start":{"line":229,"column":27},"end":{"line":229,"column":79}},"line":229},"12":{"name":"(anonymous_12)","decl":{"start":{"line":240,"column":22},"end":{"line":240,"column":23}},"loc":{"start":{"line":241,"column":14},"end":{"line":248,"column":16}},"line":241},"13":{"name":"(anonymous_13)","decl":{"start":{"line":319,"column":33},"end":{"line":319,"column":34}},"loc":{"start":{"line":319,"column":58},"end":{"line":321,"column":17}},"line":319},"14":{"name":"(anonymous_14)","decl":{"start":{"line":336,"column":29},"end":{"line":336,"column":30}},"loc":{"start":{"line":337,"column":18},"end":{"line":339,"column":30}},"line":337},"15":{"name":"(anonymous_15)","decl":{"start":{"line":344,"column":28},"end":{"line":344,"column":29}},"loc":{"start":{"line":344,"column":44},"end":{"line":359,"column":15}},"line":344},"16":{"name":"(anonymous_16)","decl":{"start":{"line":349,"column":27},"end":{"line":349,"column":28}},"loc":{"start":{"line":349,"column":43},"end":{"line":356,"column":23}},"line":349}},"branchMap":{"0":{"loc":{"start":{"line":60,"column":8},"end":{"line":60,"column":69}},"type":"cond-expr","locations":[{"start":{"line":60,"column":37},"end":{"line":60,"column":63}},{"start":{"line":60,"column":66},"end":{"line":60,"column":69}}],"line":60},"1":{"loc":{"start":{"line":61,"column":10},"end":{"line":63,"column":10}},"type":"cond-expr","locations":[{"start":{"line":62,"column":8},"end":{"line":62,"column":40}},{"start":{"line":63,"column":8},"end":{"line":63,"column":10}}],"line":61},"2":{"loc":{"start":{"line":96,"column":6},"end":{"line":96,"column":44}},"type":"if","locations":[{"start":{"line":96,"column":6},"end":{"line":96,"column":44}},{"start":{},"end":{}}],"line":96},"3":{"loc":{"start":{"line":137,"column":4},"end":{"line":148,"column":5}},"type":"if","locations":[{"start":{"line":137,"column":4},"end":{"line":148,"column":5}},{"start":{},"end":{}}],"line":137},"4":{"loc":{"start":{"line":137,"column":8},"end":{"line":137,"column":58}},"type":"binary-expr","locations":[{"start":{"line":137,"column":8},"end":{"line":137,"column":28}},{"start":{"line":137,"column":32},"end":{"line":137,"column":58}}],"line":137},"5":{"loc":{"start":{"line":235,"column":9},"end":{"line":268,"column":9}},"type":"cond-expr","locations":[{"start":{"line":236,"column":10},"end":{"line":255,"column":12}},{"start":{"line":257,"column":10},"end":{"line":267,"column":12}}],"line":235},"6":{"loc":{"start":{"line":245,"column":18},"end":{"line":247,"column":38}},"type":"cond-expr","locations":[{"start":{"line":246,"column":22},"end":{"line":246,"column":75}},{"start":{"line":247,"column":22},"end":{"line":247,"column":38}}],"line":245}},"s":{"0":34,"1":3,"2":18,"3":18,"4":17,"5":17,"6":17,"7":17,"8":17,"9":1,"10":1,"11":0,"12":0,"13":1,"14":17,"15":10,"16":10,"17":7,"18":3,"19":0,"20":0,"21":0,"22":3,"23":3,"24":10,"25":17,"26":17,"27":1,"28":1,"29":1,"30":1,"31":17,"32":4,"33":3,"34":1,"35":85,"36":1,"37":6,"38":6},"f":{"0":34,"1":3,"2":18,"3":1,"4":0,"5":1,"6":10,"7":10,"8":0,"9":3,"10":1,"11":4,"12":3,"13":1,"14":85,"15":1,"16":6},"b":{"0":[0,17],"1":[0,17],"2":[7,3],"3":[1,0],"4":[1,1],"5":[8,9],"6":[3,0]},"_coverageSchema":"1a1c01bbd47fc00a2c39e90264f33305004495a9","hash":"6ee22f54675fb109f722a99afe67fefdab7f02db"}
,"C:\\Users\\Juan Jose Viafara\\OneDrive\\Escritorio\\I\\UNIVERSIDAD JUAN JOSE\\Semestre 6\\Desarrollo Software 2\\ProyectoDS2\\frontend\\src\\productos.jsx": {"path":"C:\\Users\\Juan Jose Viafara\\OneDrive\\Escritorio\\I\\UNIVERSIDAD JUAN JOSE\\Semestre 6\\Desarrollo Software 2\\ProyectoDS2\\frontend\\src\\productos.jsx","statementMap":{"0":{"start":{"line":23,"column":34},"end":{"line":31,"column":4}},"1":{"start":{"line":32,"column":32},"end":{"line":35,"column":4}},"2":{"start":{"line":36,"column":17},"end":{"line":36,"column":28}},"3":{"start":{"line":37,"column":19},"end":{"line":37,"column":32}},"4":{"start":{"line":39,"column":24},"end":{"line":69,"column":3}},"5":{"start":{"line":40,"column":4},"end":{"line":40,"column":23}},"6":{"start":{"line":41,"column":4},"end":{"line":68,"column":9}},"7":{"start":{"line":42,"column":6},"end":{"line":67,"column":7}},"8":{"start":{"line":43,"column":8},"end":{"line":43,"column":49}},"9":{"start":{"line":44,"column":8},"end":{"line":44,"column":38}},"10":{"start":{"line":46,"column":8},"end":{"line":66,"column":13}},"11":{"start":{"line":52,"column":12},"end":{"line":60,"column":15}},"12":{"start":{"line":61,"column":12},"end":{"line":61,"column":52}},"13":{"start":{"line":64,"column":12},"end":{"line":64,"column":59}},"14":{"start":{"line":65,"column":12},"end":{"line":65,"column":31}},"15":{"start":{"line":71,"column":2},"end":{"line":79,"column":9}},"16":{"start":{"line":73,"column":6},"end":{"line":76,"column":7}},"17":{"start":{"line":74,"column":20},"end":{"line":74,"column":47}},"18":{"start":{"line":75,"column":8},"end":{"line":75,"column":30}},"19":{"start":{"line":78,"column":4},"end":{"line":78,"column":18}},"20":{"start":{"line":82,"column":4},"end":{"line":82,"column":31}},"21":{"start":{"line":85,"column":2},"end":{"line":299,"column":4}},"22":{"start":{"line":208,"column":20},"end":{"line":208,"column":70}},"23":{"start":{"line":219,"column":22},"end":{"line":219,"column":73}},"24":{"start":{"line":233,"column":20},"end":{"line":233,"column":78}},"25":{"start":{"line":243,"column":20},"end":{"line":243,"column":77}},"26":{"start":{"line":256,"column":22},"end":{"line":256,"column":74}},"27":{"start":{"line":273,"column":20},"end":{"line":273,"column":74}},"28":{"start":{"line":283,"column":20},"end":{"line":283,"column":77}},"29":{"start":{"line":295,"column":23},"end":{"line":295,"column":63}},"30":{"start":{"line":303,"column":26},"end":{"line":303,"column":41}},"31":{"start":{"line":304,"column":19},"end":{"line":304,"column":32}},"32":{"start":{"line":305,"column":17},"end":{"line":305,"column":28}},"33":{"start":{"line":306,"column":21},"end":{"line":308,"column":3}},"34":{"start":{"line":307,"column":4},"end":{"line":307,"column":19}},"35":{"start":{"line":309,"column":2},"end":{"line":382,"column":4}},"36":{"start":{"line":339,"column":14},"end":{"line":339,"column":44}}},"fnMap":{"0":{"name":"NuevoProducto","decl":{"start":{"line":22,"column":16},"end":{"line":22,"column":29}},"loc":{"start":{"line":22,"column":52},"end":{"line":300,"column":1}},"line":22},"1":{"name":"(anonymous_1)","decl":{"start":{"line":39,"column":24},"end":{"line":39,"column":25}},"loc":{"start":{"line":39,"column":31},"end":{"line":69,"column":3}},"line":39},"2":{"name":"(anonymous_2)","decl":{"start":{"line":41,"column":5},"end":{"line":41,"column":6}},"loc":{"start":{"line":41,"column":17},"end":{"line":68,"column":5}},"line":41},"3":{"name":"(anonymous_3)","decl":{"start":{"line":51,"column":16},"end":{"line":51,"column":17}},"loc":{"start":{"line":51,"column":46},"end":{"line":62,"column":11}},"line":51},"4":{"name":"(anonymous_4)","decl":{"start":{"line":63,"column":17},"end":{"line":63,"column":18}},"loc":{"start":{"line":63,"column":34},"end":{"line":66,"column":11}},"line":63},"5":{"name":"(anonymous_5)","decl":{"start":{"line":71,"column":12},"end":{"line":71,"column":13}},"loc":{"start":{"line":71,"column":18},"end":{"line":79,"column":3}},"line":71},"6":{"name":"loadProduct","decl":{"start":{"line":72,"column":19},"end":{"line":72,"column":30}},"loc":{"start":{"line":72,"column":33},"end":{"line":77,"column":5}},"line":72},"7":{"name":"(anonymous_7)","decl":{"start":{"line":207,"column":28},"end":{"line":207,"column":29}},"loc":{"start":{"line":208,"column":20},"end":{"line":208,"column":70}},"line":208},"8":{"name":"(anonymous_8)","decl":{"start":{"line":218,"column":30},"end":{"line":218,"column":31}},"loc":{"start":{"line":219,"column":22},"end":{"line":219,"column":73}},"line":219},"9":{"name":"(anonymous_9)","decl":{"start":{"line":232,"column":28},"end":{"line":232,"column":29}},"loc":{"start":{"line":233,"column":20},"end":{"line":233,"column":78}},"line":233},"10":{"name":"(anonymous_10)","decl":{"start":{"line":242,"column":28},"end":{"line":242,"column":29}},"loc":{"start":{"line":243,"column":20},"end":{"line":243,"column":77}},"line":243},"11":{"name":"(anonymous_11)","decl":{"start":{"line":255,"column":30},"end":{"line":255,"column":31}},"loc":{"start":{"line":256,"column":22},"end":{"line":256,"column":74}},"line":256},"12":{"name":"(anonymous_12)","decl":{"start":{"line":272,"column":28},"end":{"line":272,"column":29}},"loc":{"start":{"line":273,"column":20},"end":{"line":273,"column":74}},"line":273},"13":{"name":"(anonymous_13)","decl":{"start":{"line":282,"column":28},"end":{"line":282,"column":29}},"loc":{"start":{"line":283,"column":20},"end":{"line":283,"column":77}},"line":283},"14":{"name":"(anonymous_14)","decl":{"start":{"line":295,"column":17},"end":{"line":295,"column":18}},"loc":{"start":{"line":295,"column":23},"end":{"line":295,"column":63}},"line":295},"15":{"name":"Productos","decl":{"start":{"line":302,"column":24},"end":{"line":302,"column":33}},"loc":{"start":{"line":302,"column":36},"end":{"line":383,"column":1}},"line":302},"16":{"name":"(anonymous_16)","decl":{"start":{"line":306,"column":21},"end":{"line":306,"column":22}},"loc":{"start":{"line":306,"column":27},"end":{"line":308,"column":3}},"line":306},"17":{"name":"(anonymous_17)","decl":{"start":{"line":338,"column":21},"end":{"line":338,"column":22}},"loc":{"start":{"line":338,"column":27},"end":{"line":340,"column":13}},"line":338}},"branchMap":{"0":{"loc":{"start":{"line":42,"column":6},"end":{"line":67,"column":7}},"type":"if","locations":[{"start":{"line":42,"column":6},"end":{"line":67,"column":7}},{"start":{"line":45,"column":13},"end":{"line":67,"column":7}}],"line":42},"1":{"loc":{"start":{"line":73,"column":6},"end":{"line":76,"column":7}},"type":"if","locations":[{"start":{"line":73,"column":6},"end":{"line":76,"column":7}},{"start":{},"end":{}}],"line":73},"2":{"loc":{"start":{"line":82,"column":4},"end":{"line":82,"column":30}},"type":"binary-expr","locations":[{"start":{"line":82,"column":4},"end":{"line":82,"column":13}},{"start":{"line":82,"column":18},"end":{"line":82,"column":29}}],"line":82},"3":{"loc":{"start":{"line":127,"column":17},"end":{"line":163,"column":17}},"type":"cond-expr","locations":[{"start":{"line":128,"column":18},"end":{"line":144,"column":31}},{"start":{"line":146,"column":18},"end":{"line":162,"column":31}}],"line":127},"4":{"loc":{"start":{"line":165,"column":17},"end":{"line":191,"column":17}},"type":"cond-expr","locations":[{"start":{"line":166,"column":18},"end":{"line":177,"column":27}},{"start":{"line":179,"column":18},"end":{"line":190,"column":27}}],"line":165},"5":{"loc":{"start":{"line":345,"column":11},"end":{"line":371,"column":11}},"type":"cond-expr","locations":[{"start":{"line":346,"column":12},"end":{"line":357,"column":21}},{"start":{"line":359,"column":12},"end":{"line":370,"column":21}}],"line":345}},"s":{"0":19,"1":19,"2":19,"3":19,"4":19,"5":2,"6":2,"7":2,"8":0,"9":0,"10":2,"11":0,"12":0,"13":1,"14":1,"15":19,"16":6,"17":0,"18":0,"19":6,"20":19,"21":19,"22":1,"23":1,"24":2,"25":1,"26":1,"27":1,"28":1,"29":0,"30":10,"31":10,"32":10,"33":10,"34":4,"35":10,"36":0},"f":{"0":19,"1":2,"2":2,"3":0,"4":1,"5":6,"6":6,"7":1,"8":1,"9":2,"10":1,"11":1,"12":1,"13":1,"14":0,"15":10,"16":4,"17":0},"b":{"0":[0,2],"1":[0,6],"2":[19,0],"3":[0,19],"4":[0,19],"5":[0,10]},"_coverageSchema":"1a1c01bbd47fc00a2c39e90264f33305004495a9","hash":"95233162021e8de434531886ff0109f5581aff4a"}
,"C:\\Users\\Juan Jose Viafara\\OneDrive\\Escritorio\\I\\UNIVERSIDAD JUAN JOSE\\Semestre 6\\Desarrollo Software 2\\ProyectoDS2\\frontend\\src\\components\\navbar.jsx": {"path":"C:\\Users\\Juan Jose Viafara\\OneDrive\\Escritorio\\I\\UNIVERSIDAD JUAN JOSE\\Semestre 6\\Desarrollo Software 2\\ProyectoDS2\\frontend\\src\\components\\navbar.jsx","statementMap":{"0":{"start":{"line":11,"column":16},"end":{"line":11,"column":44}},"1":{"start":{"line":14,"column":18},"end":{"line":16,"column":4}},"2":{"start":{"line":18,"column":2},"end":{"line":87,"column":4}},"3":{"start":{"line":62,"column":16},"end":{"line":79,"column":26}},"4":{"start":{"line":66,"column":20},"end":{"line":75,"column":22}}},"fnMap":{"0":{"name":"NavbarApp","decl":{"start":{"line":10,"column":9},"end":{"line":10,"column":18}},"loc":{"start":{"line":10,"column":31},"end":{"line":88,"column":1}},"line":10},"1":{"name":"(anonymous_1)","decl":{"start":{"line":61,"column":25},"end":{"line":61,"column":26}},"loc":{"start":{"line":62,"column":16},"end":{"line":79,"column":26}},"line":62},"2":{"name":"(anonymous_2)","decl":{"start":{"line":65,"column":25},"end":{"line":65,"column":26}},"loc":{"start":{"line":65,"column":54},"end":{"line":76,"column":19}},"line":65}},"branchMap":{"0":{"loc":{"start":{"line":15,"column":12},"end":{"line":15,"column":41}},"type":"cond-expr","locations":[{"start":{"line":15,"column":21},"end":{"line":15,"column":29}},{"start":{"line":15,"column":32},"end":{"line":15,"column":41}}],"line":15},"1":{"loc":{"start":{"line":69,"column":29},"end":{"line":69,"column":54}},"type":"cond-expr","locations":[{"start":{"line":69,"column":39},"end":{"line":69,"column":46}},{"start":{"line":69,"column":47},"end":{"line":69,"column":54}}],"line":69},"2":{"loc":{"start":{"line":73,"column":39},"end":{"line":73,"column":72}},"type":"cond-expr","locations":[{"start":{"line":73,"column":49},"end":{"line":73,"column":58}},{"start":{"line":73,"column":59},"end":{"line":73,"column":72}}],"line":73}},"s":{"0":3,"1":3,"2":3,"3":6,"4":6},"f":{"0":3,"1":6,"2":6},"b":{"0":[0,3],"1":[0,6],"2":[0,6]},"_coverageSchema":"1a1c01bbd47fc00a2c39e90264f33305004495a9","hash":"4571ec764a9365b3071ce0c0aa217925487775ea"}
}
