TN:
SF:src\facturacion.jsx
FN:13,Boxcustom
FN:46,(anonymous_1)
FN:56,Facturacion
FN:76,(anonymous_3)
FN:82,(anonymous_4)
FN:89,(anonymous_5)
FN:94,(anonymous_6)
FN:95,(anonymous_7)
FN:101,(anonymous_8)
FN:114,(anonymous_9)
FN:135,(anonymous_10)
FN:229,(anonymous_11)
FN:240,(anonymous_12)
FN:319,(anonymous_13)
FN:336,(anonymous_14)
FN:344,(anonymous_15)
FN:349,(anonymous_16)
FNF:17
FNH:15
FNDA:34,Boxcustom
FNDA:3,(anonymous_1)
FNDA:18,Facturacion
FNDA:1,(anonymous_3)
FNDA:0,(anonymous_4)
FNDA:1,(anonymous_5)
FNDA:10,(anonymous_6)
FNDA:10,(anonymous_7)
FNDA:0,(anonymous_8)
FNDA:3,(anonymous_9)
FNDA:1,(anonymous_10)
FNDA:4,(anonymous_11)
FNDA:3,(anonymous_12)
FNDA:1,(anonymous_13)
FNDA:85,(anonymous_14)
FNDA:1,(anonymous_15)
FNDA:6,(anonymous_16)
DA:14,34
DA:46,3
DA:57,18
DA:58,18
DA:59,17
DA:65,17
DA:66,17
DA:75,17
DA:76,17
DA:77,1
DA:78,1
DA:83,0
DA:84,0
DA:90,1
DA:94,17
DA:95,10
DA:96,10
DA:97,3
DA:102,0
DA:103,0
DA:112,0
DA:115,3
DA:116,3
DA:126,10
DA:128,17
DA:135,17
DA:136,1
DA:137,1
DA:138,1
DA:139,1
DA:150,17
DA:229,4
DA:241,3
DA:320,1
DA:337,85
DA:345,1
DA:350,6
DA:351,6
LF:38
LH:33
BRDA:60,0,0,0
BRDA:60,0,1,17
BRDA:61,1,0,0
BRDA:61,1,1,17
BRDA:96,2,0,7
BRDA:96,2,1,3
BRDA:137,3,0,1
BRDA:137,3,1,0
BRDA:137,4,0,1
BRDA:137,4,1,1
BRDA:235,5,0,8
BRDA:235,5,1,9
BRDA:245,6,0,3
BRDA:245,6,1,0
BRF:14
BRH:10
end_of_record
TN:
SF:src\productos.jsx
FN:22,NuevoProducto
FN:39,(anonymous_1)
FN:41,(anonymous_2)
FN:51,(anonymous_3)
FN:63,(anonymous_4)
FN:71,(anonymous_5)
FN:72,loadProduct
FN:207,(anonymous_7)
FN:218,(anonymous_8)
FN:232,(anonymous_9)
FN:242,(anonymous_10)
FN:255,(anonymous_11)
FN:272,(anonymous_12)
FN:282,(anonymous_13)
FN:295,(anonymous_14)
FN:302,Productos
FN:306,(anonymous_16)
FN:338,(anonymous_17)
FNF:18
FNH:15
FNDA:19,NuevoProducto
FNDA:2,(anonymous_1)
FNDA:2,(anonymous_2)
FNDA:0,(anonymous_3)
FNDA:1,(anonymous_4)
FNDA:6,(anonymous_5)
FNDA:6,loadProduct
FNDA:1,(anonymous_7)
FNDA:1,(anonymous_8)
FNDA:2,(anonymous_9)
FNDA:1,(anonymous_10)
FNDA:1,(anonymous_11)
FNDA:1,(anonymous_12)
FNDA:1,(anonymous_13)
FNDA:0,(anonymous_14)
FNDA:10,Productos
FNDA:4,(anonymous_16)
FNDA:0,(anonymous_17)
DA:23,19
DA:32,19
DA:36,19
DA:37,19
DA:39,19
DA:40,2
DA:41,2
DA:42,2
DA:43,0
DA:44,0
DA:46,2
DA:52,0
DA:61,0
DA:64,1
DA:65,1
DA:71,19
DA:73,6
DA:74,0
DA:75,0
DA:78,6
DA:82,19
DA:85,19
DA:208,1
DA:219,1
DA:233,2
DA:243,1
DA:256,1
DA:273,1
DA:283,1
DA:295,0
DA:303,10
DA:304,10
DA:305,10
DA:306,10
DA:307,4
DA:309,10
DA:339,0
LF:37
LH:29
BRDA:42,0,0,0
BRDA:42,0,1,2
BRDA:73,1,0,0
BRDA:73,1,1,6
BRDA:82,2,0,19
BRDA:82,2,1,0
BRDA:127,3,0,0
BRDA:127,3,1,19
BRDA:165,4,0,0
BRDA:165,4,1,19
BRDA:345,5,0,0
BRDA:345,5,1,10
BRF:12
BRH:6
end_of_record
TN:
SF:src\components\navbar.jsx
FN:10,NavbarApp
FN:61,(anonymous_1)
FN:65,(anonymous_2)
FNF:3
FNH:3
FNDA:3,NavbarApp
FNDA:6,(anonymous_1)
FNDA:6,(anonymous_2)
DA:11,3
DA:14,3
DA:18,3
DA:62,6
DA:66,6
LF:5
LH:5
BRDA:15,0,0,0
BRDA:15,0,1,3
BRDA:69,1,0,0
BRDA:69,1,1,6
BRDA:73,2,0,0
BRDA:73,2,1,6
BRF:6
BRH:3
end_of_record
