TN:
SF:src\facturacion.jsx
FN:13,Boxcustom
FN:46,(anonymous_1)
FN:56,Facturacion
FN:76,(anonymous_3)
FN:81,(anonymous_4)
FN:88,(anonymous_5)
FN:93,(anonymous_6)
FN:94,(anonymous_7)
FN:100,(anonymous_8)
FN:113,(anonymous_9)
FN:134,(anonymous_10)
FN:228,(anonymous_11)
FN:239,(anonymous_12)
FN:318,(anonymous_13)
FN:335,(anonymous_14)
FN:343,(anonymous_15)
FN:348,(anonymous_16)
FNF:17
FNH:15
FNDA:34,Boxcustom
FNDA:3,(anonymous_1)
FNDA:18,Facturacion
FNDA:1,(anonymous_3)
FNDA:0,(anonymous_4)
FNDA:1,(anonymous_5)
FNDA:10,(anonymous_6)
FNDA:10,(anonymous_7)
FNDA:0,(anonymous_8)
FNDA:3,(anonymous_9)
FNDA:1,(anonymous_10)
FNDA:4,(anonymous_11)
FNDA:3,(anonymous_12)
FNDA:1,(anonymous_13)
FNDA:85,(anonymous_14)
FNDA:1,(anonymous_15)
FNDA:6,(anonymous_16)
DA:14,34
DA:46,3
DA:57,18
DA:58,18
DA:59,17
DA:65,17
DA:66,17
DA:75,17
DA:76,17
DA:77,1
DA:82,0
DA:83,0
DA:89,1
DA:93,17
DA:94,10
DA:95,10
DA:96,3
DA:101,0
DA:102,0
DA:111,0
DA:114,3
DA:115,3
DA:125,10
DA:127,17
DA:134,17
DA:135,1
DA:136,1
DA:137,1
DA:138,1
DA:149,17
DA:228,4
DA:240,3
DA:319,1
DA:336,85
DA:344,1
DA:349,6
DA:350,6
LF:37
LH:32
BRDA:60,0,0,0
BRDA:60,0,1,17
BRDA:61,1,0,0
BRDA:61,1,1,17
BRDA:95,2,0,7
BRDA:95,2,1,3
BRDA:136,3,0,1
BRDA:136,3,1,0
BRDA:136,4,0,1
BRDA:136,4,1,1
BRDA:234,5,0,8
BRDA:234,5,1,9
BRDA:244,6,0,3
BRDA:244,6,1,0
BRF:14
BRH:10
end_of_record
TN:
SF:src\login.jsx
FN:6,Login
FN:12,(anonymous_1)
FN:18,(anonymous_2)
FN:23,(anonymous_3)
FN:47,(anonymous_4)
FN:59,(anonymous_5)
FNF:6
FNH:6
FNDA:4,Login
FNDA:1,(anonymous_1)
FNDA:1,(anonymous_2)
FNDA:1,(anonymous_3)
FNDA:1,(anonymous_4)
FNDA:1,(anonymous_5)
DA:7,4
DA:8,4
DA:9,4
DA:10,4
DA:12,4
DA:13,1
DA:15,1
DA:16,1
DA:18,1
DA:19,1
DA:24,1
DA:25,1
DA:26,1
DA:27,1
DA:32,4
DA:47,1
DA:59,1
LF:17
LH:17
BRF:0
BRH:0
end_of_record
TN:
SF:src\components\navbar.jsx
FN:10,NavbarApp
FN:61,(anonymous_1)
FN:65,(anonymous_2)
FNF:3
FNH:3
FNDA:3,NavbarApp
FNDA:6,(anonymous_1)
FNDA:6,(anonymous_2)
DA:11,3
DA:14,3
DA:18,3
DA:62,6
DA:66,6
LF:5
LH:5
BRDA:15,0,0,0
BRDA:15,0,1,3
BRDA:69,1,0,0
BRDA:69,1,1,6
BRDA:73,2,0,0
BRDA:73,2,1,6
BRF:6
BRH:3
end_of_record
