{"D:\\Juan Jose Viafara\\I\\Universidad\\Semestre 6\\Desarrollo Software 2\\ProyectoDS2\\frontend\\src\\facturacion.jsx": {"path":"D:\\Juan Jose Viafara\\I\\Universidad\\Semestre 6\\Desarrollo Software 2\\ProyectoDS2\\frontend\\src\\facturacion.jsx","statementMap":{"0":{"start":{"line":12,"column":32},"end":{"line":12,"column":62}},"1":{"start":{"line":13,"column":2},"end":{"line":52,"column":4}},"2":{"start":{"line":45,"column":25},"end":{"line":45,"column":71}},"3":{"start":{"line":56,"column":13},"end":{"line":56,"column":23}},"4":{"start":{"line":57,"column":38},"end":{"line":64,"column":4}},"5":{"start":{"line":65,"column":34},"end":{"line":74,"column":4}},"6":{"start":{"line":75,"column":18},"end":{"line":75,"column":73}},"7":{"start":{"line":76,"column":2},"end":{"line":254,"column":4}},"8":{"start":{"line":146,"column":27},"end":{"line":146,"column":79}},"9":{"start":{"line":159,"column":14},"end":{"line":159,"column":72}},"10":{"start":{"line":174,"column":14},"end":{"line":174,"column":72}},"11":{"start":{"line":226,"column":18},"end":{"line":228,"column":30}},"12":{"start":{"line":234,"column":16},"end":{"line":247,"column":18}},"13":{"start":{"line":239,"column":38},"end":{"line":239,"column":46}},"14":{"start":{"line":240,"column":24},"end":{"line":244,"column":26}}},"fnMap":{"0":{"name":"Boxcustom","decl":{"start":{"line":11,"column":9},"end":{"line":11,"column":18}},"loc":{"start":{"line":11,"column":31},"end":{"line":53,"column":1}},"line":11},"1":{"name":"(anonymous_1)","decl":{"start":{"line":45,"column":18},"end":{"line":45,"column":19}},"loc":{"start":{"line":45,"column":25},"end":{"line":45,"column":71}},"line":45},"2":{"name":"Facturacion","decl":{"start":{"line":55,"column":9},"end":{"line":55,"column":20}},"loc":{"start":{"line":55,"column":23},"end":{"line":255,"column":1}},"line":55},"3":{"name":"(anonymous_3)","decl":{"start":{"line":146,"column":20},"end":{"line":146,"column":21}},"loc":{"start":{"line":146,"column":27},"end":{"line":146,"column":79}},"line":146},"4":{"name":"(anonymous_4)","decl":{"start":{"line":158,"column":22},"end":{"line":158,"column":23}},"loc":{"start":{"line":159,"column":14},"end":{"line":159,"column":72}},"line":159},"5":{"name":"(anonymous_5)","decl":{"start":{"line":173,"column":22},"end":{"line":173,"column":23}},"loc":{"start":{"line":174,"column":14},"end":{"line":174,"column":72}},"line":174},"6":{"name":"(anonymous_6)","decl":{"start":{"line":225,"column":29},"end":{"line":225,"column":30}},"loc":{"start":{"line":226,"column":18},"end":{"line":228,"column":30}},"line":226},"7":{"name":"(anonymous_7)","decl":{"start":{"line":233,"column":28},"end":{"line":233,"column":29}},"loc":{"start":{"line":233,"column":44},"end":{"line":248,"column":15}},"line":233},"8":{"name":"(anonymous_8)","decl":{"start":{"line":238,"column":27},"end":{"line":238,"column":28}},"loc":{"start":{"line":238,"column":43},"end":{"line":245,"column":23}},"line":238}},"branchMap":{"0":{"loc":{"start":{"line":152,"column":9},"end":{"line":181,"column":9}},"type":"cond-expr","locations":[{"start":{"line":153,"column":10},"end":{"line":165,"column":12}},{"start":{"line":167,"column":10},"end":{"line":180,"column":12}}],"line":152}},"s":{"0":16,"1":16,"2":2,"3":7,"4":7,"5":7,"6":7,"7":7,"8":2,"9":1,"10":1,"11":35,"12":7,"13":35,"14":35},"f":{"0":16,"1":2,"2":7,"3":2,"4":1,"5":1,"6":35,"7":7,"8":35},"b":{"0":[2,5]},"_coverageSchema":"1a1c01bbd47fc00a2c39e90264f33305004495a9","hash":"48491c225318a4f342952bb424c20b81853b583a"}
,"D:\\Juan Jose Viafara\\I\\Universidad\\Semestre 6\\Desarrollo Software 2\\ProyectoDS2\\frontend\\src\\productos.jsx": {"path":"D:\\Juan Jose Viafara\\I\\Universidad\\Semestre 6\\Desarrollo Software 2\\ProyectoDS2\\frontend\\src\\productos.jsx","statementMap":{"0":{"start":{"line":21,"column":34},"end":{"line":29,"column":4}},"1":{"start":{"line":30,"column":32},"end":{"line":33,"column":4}},"2":{"start":{"line":34,"column":24},"end":{"line":57,"column":3}},"3":{"start":{"line":35,"column":4},"end":{"line":35,"column":23}},"4":{"start":{"line":36,"column":4},"end":{"line":46,"column":9}},"5":{"start":{"line":42,"column":8},"end":{"line":42,"column":48}},"6":{"start":{"line":45,"column":8},"end":{"line":45,"column":55}},"7":{"start":{"line":48,"column":4},"end":{"line":56,"column":7}},"8":{"start":{"line":58,"column":2},"end":{"line":233,"column":4}},"9":{"start":{"line":142,"column":20},"end":{"line":142,"column":70}},"10":{"start":{"line":153,"column":22},"end":{"line":153,"column":73}},"11":{"start":{"line":166,"column":20},"end":{"line":166,"column":78}},"12":{"start":{"line":176,"column":20},"end":{"line":176,"column":77}},"13":{"start":{"line":190,"column":22},"end":{"line":190,"column":74}},"14":{"start":{"line":206,"column":20},"end":{"line":206,"column":74}},"15":{"start":{"line":215,"column":20},"end":{"line":215,"column":77}},"16":{"start":{"line":229,"column":23},"end":{"line":229,"column":63}},"17":{"start":{"line":237,"column":26},"end":{"line":237,"column":41}},"18":{"start":{"line":238,"column":21},"end":{"line":240,"column":3}},"19":{"start":{"line":239,"column":4},"end":{"line":239,"column":19}},"20":{"start":{"line":241,"column":2},"end":{"line":295,"column":4}}},"fnMap":{"0":{"name":"NuevoProducto","decl":{"start":{"line":20,"column":16},"end":{"line":20,"column":29}},"loc":{"start":{"line":20,"column":52},"end":{"line":234,"column":1}},"line":20},"1":{"name":"(anonymous_1)","decl":{"start":{"line":34,"column":24},"end":{"line":34,"column":25}},"loc":{"start":{"line":34,"column":37},"end":{"line":57,"column":3}},"line":34},"2":{"name":"(anonymous_2)","decl":{"start":{"line":41,"column":12},"end":{"line":41,"column":13}},"loc":{"start":{"line":41,"column":42},"end":{"line":43,"column":7}},"line":41},"3":{"name":"(anonymous_3)","decl":{"start":{"line":44,"column":13},"end":{"line":44,"column":14}},"loc":{"start":{"line":44,"column":30},"end":{"line":46,"column":7}},"line":44},"4":{"name":"(anonymous_4)","decl":{"start":{"line":141,"column":28},"end":{"line":141,"column":29}},"loc":{"start":{"line":142,"column":20},"end":{"line":142,"column":70}},"line":142},"5":{"name":"(anonymous_5)","decl":{"start":{"line":152,"column":30},"end":{"line":152,"column":31}},"loc":{"start":{"line":153,"column":22},"end":{"line":153,"column":73}},"line":153},"6":{"name":"(anonymous_6)","decl":{"start":{"line":165,"column":28},"end":{"line":165,"column":29}},"loc":{"start":{"line":166,"column":20},"end":{"line":166,"column":78}},"line":166},"7":{"name":"(anonymous_7)","decl":{"start":{"line":175,"column":28},"end":{"line":175,"column":29}},"loc":{"start":{"line":176,"column":20},"end":{"line":176,"column":77}},"line":176},"8":{"name":"(anonymous_8)","decl":{"start":{"line":189,"column":30},"end":{"line":189,"column":31}},"loc":{"start":{"line":190,"column":22},"end":{"line":190,"column":74}},"line":190},"9":{"name":"(anonymous_9)","decl":{"start":{"line":205,"column":28},"end":{"line":205,"column":29}},"loc":{"start":{"line":206,"column":20},"end":{"line":206,"column":74}},"line":206},"10":{"name":"(anonymous_10)","decl":{"start":{"line":214,"column":28},"end":{"line":214,"column":29}},"loc":{"start":{"line":215,"column":20},"end":{"line":215,"column":77}},"line":215},"11":{"name":"(anonymous_11)","decl":{"start":{"line":229,"column":17},"end":{"line":229,"column":18}},"loc":{"start":{"line":229,"column":23},"end":{"line":229,"column":63}},"line":229},"12":{"name":"Productos","decl":{"start":{"line":236,"column":24},"end":{"line":236,"column":33}},"loc":{"start":{"line":236,"column":36},"end":{"line":296,"column":1}},"line":236},"13":{"name":"(anonymous_13)","decl":{"start":{"line":238,"column":21},"end":{"line":238,"column":22}},"loc":{"start":{"line":238,"column":27},"end":{"line":240,"column":3}},"line":238}},"branchMap":{},"s":{"0":20,"1":20,"2":20,"3":2,"4":2,"5":1,"6":1,"7":2,"8":20,"9":1,"10":1,"11":2,"12":1,"13":1,"14":1,"15":1,"16":0,"17":10,"18":10,"19":4,"20":10},"f":{"0":20,"1":2,"2":1,"3":1,"4":1,"5":1,"6":2,"7":1,"8":1,"9":1,"10":1,"11":0,"12":10,"13":4},"b":{},"_coverageSchema":"1a1c01bbd47fc00a2c39e90264f33305004495a9","hash":"94df1d12abd4932dfb7a270e15fc9c720c5d0f29"}
,"D:\\Juan Jose Viafara\\I\\Universidad\\Semestre 6\\Desarrollo Software 2\\ProyectoDS2\\frontend\\src\\components\\navbar.jsx": {"path":"D:\\Juan Jose Viafara\\I\\Universidad\\Semestre 6\\Desarrollo Software 2\\ProyectoDS2\\frontend\\src\\components\\navbar.jsx","statementMap":{"0":{"start":{"line":12,"column":16},"end":{"line":12,"column":56}},"1":{"start":{"line":15,"column":18},"end":{"line":17,"column":4}},"2":{"start":{"line":19,"column":2},"end":{"line":87,"column":4}},"3":{"start":{"line":63,"column":16},"end":{"line":80,"column":26}},"4":{"start":{"line":67,"column":20},"end":{"line":76,"column":22}}},"fnMap":{"0":{"name":"NavbarApp","decl":{"start":{"line":11,"column":9},"end":{"line":11,"column":18}},"loc":{"start":{"line":11,"column":31},"end":{"line":88,"column":1}},"line":11},"1":{"name":"(anonymous_1)","decl":{"start":{"line":62,"column":25},"end":{"line":62,"column":26}},"loc":{"start":{"line":63,"column":16},"end":{"line":80,"column":26}},"line":63},"2":{"name":"(anonymous_2)","decl":{"start":{"line":66,"column":25},"end":{"line":66,"column":26}},"loc":{"start":{"line":66,"column":54},"end":{"line":77,"column":19}},"line":66}},"branchMap":{"0":{"loc":{"start":{"line":16,"column":12},"end":{"line":16,"column":41}},"type":"cond-expr","locations":[{"start":{"line":16,"column":21},"end":{"line":16,"column":29}},{"start":{"line":16,"column":32},"end":{"line":16,"column":41}}],"line":16},"1":{"loc":{"start":{"line":70,"column":29},"end":{"line":70,"column":54}},"type":"cond-expr","locations":[{"start":{"line":70,"column":39},"end":{"line":70,"column":46}},{"start":{"line":70,"column":47},"end":{"line":70,"column":54}}],"line":70},"2":{"loc":{"start":{"line":74,"column":39},"end":{"line":74,"column":72}},"type":"cond-expr","locations":[{"start":{"line":74,"column":49},"end":{"line":74,"column":58}},{"start":{"line":74,"column":59},"end":{"line":74,"column":72}}],"line":74}},"s":{"0":1,"1":1,"2":1,"3":3,"4":3},"f":{"0":1,"1":3,"2":3},"b":{"0":[0,1],"1":[0,3],"2":[0,3]},"_coverageSchema":"1a1c01bbd47fc00a2c39e90264f33305004495a9","hash":"18fc93ca285e8c724a109c26ca6cd3e87bb2bde4"}
}
