TN:
SF:src\facturacion.jsx
FN:11,Boxcustom
FN:45,(anonymous_1)
FN:55,Facturacion
FN:146,(anonymous_3)
FN:158,(anonymous_4)
FN:173,(anonymous_5)
FN:225,(anonymous_6)
FN:233,(anonymous_7)
FN:238,(anonymous_8)
FNF:9
FNH:9
FNDA:16,Boxcustom
FNDA:2,(anonymous_1)
FNDA:7,Facturacion
FNDA:2,(anonymous_3)
FNDA:1,(anonymous_4)
FNDA:1,(anonymous_5)
FNDA:35,(anonymous_6)
FNDA:7,(anonymous_7)
FNDA:35,(anonymous_8)
DA:12,16
DA:13,16
DA:45,2
DA:56,7
DA:57,7
DA:65,7
DA:75,7
DA:76,7
DA:146,2
DA:159,1
DA:174,1
DA:226,35
DA:234,7
DA:239,35
DA:240,35
LF:15
LH:15
BRDA:152,0,0,2
BRDA:152,0,1,5
BRF:2
BRH:2
end_of_record
TN:
SF:src\productos.jsx
FN:20,NuevoProducto
FN:34,(anonymous_1)
FN:41,(anonymous_2)
FN:44,(anonymous_3)
FN:141,(anonymous_4)
FN:152,(anonymous_5)
FN:165,(anonymous_6)
FN:175,(anonymous_7)
FN:189,(anonymous_8)
FN:205,(anonymous_9)
FN:214,(anonymous_10)
FN:229,(anonymous_11)
FN:236,Productos
FN:238,(anonymous_13)
FNF:14
FNH:12
FNDA:19,NuevoProducto
FNDA:2,(anonymous_1)
FNDA:0,(anonymous_2)
FNDA:1,(anonymous_3)
FNDA:1,(anonymous_4)
FNDA:1,(anonymous_5)
FNDA:2,(anonymous_6)
FNDA:1,(anonymous_7)
FNDA:1,(anonymous_8)
FNDA:1,(anonymous_9)
FNDA:1,(anonymous_10)
FNDA:0,(anonymous_11)
FNDA:10,Productos
FNDA:4,(anonymous_13)
DA:21,19
DA:30,19
DA:34,19
DA:35,2
DA:36,2
DA:42,0
DA:45,1
DA:48,1
DA:58,19
DA:142,1
DA:153,1
DA:166,2
DA:176,1
DA:190,1
DA:206,1
DA:215,1
DA:229,0
DA:237,10
DA:238,10
DA:239,4
DA:241,10
LF:21
LH:19
BRF:0
BRH:0
end_of_record
TN:
SF:src\components\navbar.jsx
FN:11,NavbarApp
FN:62,(anonymous_1)
FN:66,(anonymous_2)
FNF:3
FNH:3
FNDA:1,NavbarApp
FNDA:3,(anonymous_1)
FNDA:3,(anonymous_2)
DA:12,1
DA:15,1
DA:19,1
DA:63,3
DA:67,3
LF:5
LH:5
BRDA:16,0,0,0
BRDA:16,0,1,1
BRDA:70,1,0,0
BRDA:70,1,1,3
BRDA:74,2,0,0
BRDA:74,2,1,3
BRF:6
BRH:3
end_of_record
